{"C:\\Users\\ricky\\OneDrive\\Desktop\\SE2-Group01\\server\\db.mjs": {"path":"C:\\Users\\ricky\\OneDrive\\Desktop\\SE2-Group01\\server\\db.mjs","all":false,"statementMap":{"0":{"start":{"line":1,"column":0},"end":{"line":1,"column":11}},"1":{"start":{"line":2,"column":0},"end":{"line":2,"column":30}},"2":{"start":{"line":3,"column":0},"end":{"line":3,"column":0}},"3":{"start":{"line":4,"column":0},"end":{"line":4,"column":55}},"4":{"start":{"line":5,"column":0},"end":{"line":5,"column":25}},"5":{"start":{"line":6,"column":0},"end":{"line":6,"column":3}},"6":{"start":{"line":7,"column":0},"end":{"line":7,"column":0}},"7":{"start":{"line":8,"column":0},"end":{"line":8,"column":18}}},"s":{"0":1,"1":1,"2":1,"3":1,"4":0,"5":1,"6":1,"7":1},"branchMap":{},"b":{},"fnMap":{},"f":{}}
,"C:\\Users\\ricky\\OneDrive\\Desktop\\SE2-Group01\\server\\index.mjs": {"path":"C:\\Users\\ricky\\OneDrive\\Desktop\\SE2-Group01\\server\\index.mjs","all":false,"statementMap":{"0":{"start":{"line":1,"column":0},"end":{"line":1,"column":30}},"1":{"start":{"line":2,"column":0},"end":{"line":2,"column":0}},"2":{"start":{"line":3,"column":0},"end":{"line":3,"column":54}},"3":{"start":{"line":4,"column":0},"end":{"line":4,"column":0}},"4":{"start":{"line":5,"column":0},"end":{"line":5,"column":26}},"5":{"start":{"line":6,"column":0},"end":{"line":6,"column":18}},"6":{"start":{"line":7,"column":0},"end":{"line":7,"column":0}},"7":{"start":{"line":8,"column":0},"end":{"line":8,"column":24}},"8":{"start":{"line":9,"column":0},"end":{"line":9,"column":62}},"9":{"start":{"line":10,"column":0},"end":{"line":10,"column":3}},"10":{"start":{"line":11,"column":0},"end":{"line":11,"column":33}}},"s":{"0":1,"1":1,"2":1,"3":1,"4":1,"5":1,"6":1,"7":1,"8":0,"9":1,"10":1},"branchMap":{},"b":{},"fnMap":{},"f":{}}
,"C:\\Users\\ricky\\OneDrive\\Desktop\\SE2-Group01\\server\\controllers\\TicketController.mjs": {"path":"C:\\Users\\ricky\\OneDrive\\Desktop\\SE2-Group01\\server\\controllers\\TicketController.mjs","all":false,"statementMap":{"0":{"start":{"line":1,"column":0},"end":{"line":1,"column":8}},"1":{"start":{"line":2,"column":0},"end":{"line":2,"column":18}},"2":{"start":{"line":3,"column":0},"end":{"line":3,"column":14}},"3":{"start":{"line":4,"column":0},"end":{"line":4,"column":28}},"4":{"start":{"line":5,"column":0},"end":{"line":5,"column":28}},"5":{"start":{"line":6,"column":0},"end":{"line":6,"column":17}},"6":{"start":{"line":7,"column":0},"end":{"line":7,"column":30}},"7":{"start":{"line":8,"column":0},"end":{"line":8,"column":0}},"8":{"start":{"line":9,"column":0},"end":{"line":9,"column":44}},"9":{"start":{"line":10,"column":0},"end":{"line":10,"column":66}},"10":{"start":{"line":11,"column":0},"end":{"line":11,"column":78}},"11":{"start":{"line":12,"column":0},"end":{"line":12,"column":37}},"12":{"start":{"line":13,"column":0},"end":{"line":13,"column":0}},"13":{"start":{"line":14,"column":0},"end":{"line":14,"column":36}},"14":{"start":{"line":15,"column":0},"end":{"line":15,"column":29}},"15":{"start":{"line":16,"column":0},"end":{"line":16,"column":73}},"16":{"start":{"line":17,"column":0},"end":{"line":17,"column":41}},"17":{"start":{"line":18,"column":0},"end":{"line":18,"column":17}},"18":{"start":{"line":19,"column":0},"end":{"line":19,"column":7}},"19":{"start":{"line":20,"column":0},"end":{"line":20,"column":58}},"20":{"start":{"line":21,"column":0},"end":{"line":21,"column":53}},"21":{"start":{"line":22,"column":0},"end":{"line":22,"column":7}},"22":{"start":{"line":23,"column":0},"end":{"line":23,"column":4}},"23":{"start":{"line":24,"column":0},"end":{"line":24,"column":0}},"24":{"start":{"line":25,"column":0},"end":{"line":25,"column":65}},"25":{"start":{"line":26,"column":0},"end":{"line":26,"column":0}},"26":{"start":{"line":27,"column":0},"end":{"line":27,"column":80}},"27":{"start":{"line":28,"column":0},"end":{"line":28,"column":0}},"28":{"start":{"line":29,"column":0},"end":{"line":29,"column":38}},"29":{"start":{"line":30,"column":0},"end":{"line":30,"column":1}},"30":{"start":{"line":31,"column":0},"end":{"line":31,"column":0}},"31":{"start":{"line":32,"column":0},"end":{"line":32,"column":45}},"32":{"start":{"line":33,"column":0},"end":{"line":33,"column":41}},"33":{"start":{"line":34,"column":0},"end":{"line":34,"column":58}},"34":{"start":{"line":35,"column":0},"end":{"line":35,"column":0}},"35":{"start":{"line":36,"column":0},"end":{"line":36,"column":81}},"36":{"start":{"line":37,"column":0},"end":{"line":37,"column":1}},"37":{"start":{"line":38,"column":0},"end":{"line":38,"column":33}},"38":{"start":{"line":39,"column":0},"end":{"line":39,"column":17}},"39":{"start":{"line":40,"column":0},"end":{"line":40,"column":2}}},"s":{"0":1,"1":1,"2":1,"3":1,"4":1,"5":1,"6":1,"7":1,"8":1,"9":1,"10":1,"11":1,"12":1,"13":1,"14":1,"15":3,"16":3,"17":0,"18":3,"19":18,"20":3,"21":1,"22":1,"23":1,"24":1,"25":1,"26":1,"27":1,"28":1,"29":1,"30":1,"31":1,"32":1,"33":1,"34":1,"35":1,"36":1,"37":1,"38":1,"39":1},"branchMap":{"0":{"type":"branch","line":2,"loc":{"start":{"line":2,"column":0},"end":{"line":2,"column":18}},"locations":[{"start":{"line":2,"column":0},"end":{"line":2,"column":18}}]},"1":{"type":"branch","line":2,"loc":{"start":{"line":2,"column":0},"end":{"line":2,"column":18}},"locations":[{"start":{"line":2,"column":0},"end":{"line":2,"column":18}}]},"2":{"type":"branch","line":2,"loc":{"start":{"line":2,"column":0},"end":{"line":2,"column":18}},"locations":[{"start":{"line":2,"column":0},"end":{"line":2,"column":18}}]},"3":{"type":"branch","line":2,"loc":{"start":{"line":2,"column":0},"end":{"line":2,"column":18}},"locations":[{"start":{"line":2,"column":0},"end":{"line":2,"column":18}}]},"4":{"type":"branch","line":2,"loc":{"start":{"line":2,"column":0},"end":{"line":2,"column":18}},"locations":[{"start":{"line":2,"column":0},"end":{"line":2,"column":18}}]},"5":{"type":"branch","line":2,"loc":{"start":{"line":2,"column":0},"end":{"line":2,"column":18}},"locations":[{"start":{"line":2,"column":0},"end":{"line":2,"column":18}}]},"6":{"type":"branch","line":2,"loc":{"start":{"line":2,"column":0},"end":{"line":2,"column":18}},"locations":[{"start":{"line":2,"column":0},"end":{"line":2,"column":18}}]},"7":{"type":"branch","line":2,"loc":{"start":{"line":2,"column":0},"end":{"line":2,"column":18}},"locations":[{"start":{"line":2,"column":0},"end":{"line":2,"column":18}}]},"8":{"type":"branch","line":2,"loc":{"start":{"line":2,"column":0},"end":{"line":9,"column":30}},"locations":[{"start":{"line":2,"column":0},"end":{"line":9,"column":30}}]},"9":{"type":"branch","line":9,"loc":{"start":{"line":9,"column":29},"end":{"line":30,"column":1}},"locations":[{"start":{"line":9,"column":29},"end":{"line":30,"column":1}}]},"10":{"type":"branch","line":9,"loc":{"start":{"line":9,"column":0},"end":{"line":29,"column":38}},"locations":[{"start":{"line":9,"column":0},"end":{"line":29,"column":38}}]},"11":{"type":"branch","line":9,"loc":{"start":{"line":9,"column":41},"end":{"line":29,"column":38}},"locations":[{"start":{"line":9,"column":41},"end":{"line":29,"column":38}}]},"12":{"type":"branch","line":9,"loc":{"start":{"line":9,"column":41},"end":{"line":10,"column":66}},"locations":[{"start":{"line":9,"column":41},"end":{"line":10,"column":66}}]},"13":{"type":"branch","line":10,"loc":{"start":{"line":10,"column":65},"end":{"line":11,"column":78}},"locations":[{"start":{"line":10,"column":65},"end":{"line":11,"column":78}}]},"14":{"type":"branch","line":11,"loc":{"start":{"line":11,"column":77},"end":{"line":12,"column":37}},"locations":[{"start":{"line":11,"column":77},"end":{"line":12,"column":37}}]},"15":{"type":"branch","line":12,"loc":{"start":{"line":12,"column":36},"end":{"line":23,"column":4}},"locations":[{"start":{"line":12,"column":36},"end":{"line":23,"column":4}}]},"16":{"type":"branch","line":23,"loc":{"start":{"line":23,"column":3},"end":{"line":29,"column":38}},"locations":[{"start":{"line":23,"column":3},"end":{"line":29,"column":38}}]},"17":{"type":"branch","line":29,"loc":{"start":{"line":29,"column":37},"end":{"line":29,"column":38}},"locations":[{"start":{"line":29,"column":37},"end":{"line":29,"column":38}}]},"18":{"type":"branch","line":29,"loc":{"start":{"line":29,"column":37},"end":{"line":29,"column":38}},"locations":[{"start":{"line":29,"column":37},"end":{"line":29,"column":38}}]},"19":{"type":"branch","line":15,"loc":{"start":{"line":15,"column":16},"end":{"line":22,"column":7}},"locations":[{"start":{"line":15,"column":16},"end":{"line":22,"column":7}}]},"20":{"type":"branch","line":15,"loc":{"start":{"line":15,"column":17},"end":{"line":21,"column":53}},"locations":[{"start":{"line":15,"column":17},"end":{"line":21,"column":53}}]},"21":{"type":"branch","line":15,"loc":{"start":{"line":15,"column":24},"end":{"line":21,"column":53}},"locations":[{"start":{"line":15,"column":24},"end":{"line":21,"column":53}}]},"22":{"type":"branch","line":15,"loc":{"start":{"line":15,"column":24},"end":{"line":21,"column":53}},"locations":[{"start":{"line":15,"column":24},"end":{"line":21,"column":53}}]},"23":{"type":"branch","line":15,"loc":{"start":{"line":15,"column":24},"end":{"line":16,"column":73}},"locations":[{"start":{"line":15,"column":24},"end":{"line":16,"column":73}}]},"24":{"type":"branch","line":16,"loc":{"start":{"line":16,"column":72},"end":{"line":18,"column":17}},"locations":[{"start":{"line":16,"column":72},"end":{"line":18,"column":17}}]},"25":{"type":"branch","line":17,"loc":{"start":{"line":17,"column":38},"end":{"line":18,"column":17}},"locations":[{"start":{"line":17,"column":38},"end":{"line":18,"column":17}}]},"26":{"type":"branch","line":18,"loc":{"start":{"line":18,"column":16},"end":{"line":20,"column":52}},"locations":[{"start":{"line":18,"column":16},"end":{"line":20,"column":52}}]},"27":{"type":"branch","line":20,"loc":{"start":{"line":20,"column":48},"end":{"line":20,"column":56}},"locations":[{"start":{"line":20,"column":48},"end":{"line":20,"column":56}}]},"28":{"type":"branch","line":20,"loc":{"start":{"line":20,"column":48},"end":{"line":20,"column":52}},"locations":[{"start":{"line":20,"column":48},"end":{"line":20,"column":52}}]},"29":{"type":"branch","line":20,"loc":{"start":{"line":20,"column":53},"end":{"line":20,"column":58}},"locations":[{"start":{"line":20,"column":53},"end":{"line":20,"column":58}}]},"30":{"type":"branch","line":20,"loc":{"start":{"line":20,"column":57},"end":{"line":21,"column":53}},"locations":[{"start":{"line":20,"column":57},"end":{"line":21,"column":53}}]},"31":{"type":"branch","line":21,"loc":{"start":{"line":21,"column":52},"end":{"line":21,"column":53}},"locations":[{"start":{"line":21,"column":52},"end":{"line":21,"column":53}}]},"32":{"type":"branch","line":21,"loc":{"start":{"line":21,"column":52},"end":{"line":21,"column":53}},"locations":[{"start":{"line":21,"column":52},"end":{"line":21,"column":53}}]},"33":{"type":"branch","line":22,"loc":{"start":{"line":22,"column":5},"end":{"line":22,"column":7}},"locations":[{"start":{"line":22,"column":5},"end":{"line":22,"column":7}}]},"34":{"type":"branch","line":25,"loc":{"start":{"line":25,"column":31},"end":{"line":25,"column":62}},"locations":[{"start":{"line":25,"column":31},"end":{"line":25,"column":62}}]},"35":{"type":"branch","line":32,"loc":{"start":{"line":32,"column":0},"end":{"line":37,"column":1}},"locations":[{"start":{"line":32,"column":0},"end":{"line":37,"column":1}}]}},"b":{"0":[14],"1":[0],"2":[4],"3":[10],"4":[2],"5":[4],"6":[4],"7":[14],"8":[1],"9":[1],"10":[1],"11":[6],"12":[1],"13":[1],"14":[1],"15":[1],"16":[1],"17":[0],"18":[1],"19":[1],"20":[3],"21":[12],"22":[18],"23":[3],"24":[3],"25":[0],"26":[3],"27":[3],"28":[0],"29":[0],"30":[3],"31":[0],"32":[3],"33":[3],"34":[3],"35":[1]},"fnMap":{"0":{"name":"asyncGeneratorStep","decl":{"start":{"line":2,"column":0},"end":{"line":2,"column":18}},"loc":{"start":{"line":2,"column":0},"end":{"line":2,"column":18}},"line":2},"1":{"name":"_asyncToGenerator","decl":{"start":{"line":2,"column":0},"end":{"line":2,"column":18}},"loc":{"start":{"line":2,"column":0},"end":{"line":2,"column":18}},"line":2},"2":{"name":"_next","decl":{"start":{"line":2,"column":0},"end":{"line":2,"column":18}},"loc":{"start":{"line":2,"column":0},"end":{"line":2,"column":18}},"line":2},"3":{"name":"_throw","decl":{"start":{"line":2,"column":0},"end":{"line":2,"column":18}},"loc":{"start":{"line":2,"column":0},"end":{"line":2,"column":18}},"line":2},"4":{"name":"getWaitingTime","decl":{"start":{"line":2,"column":0},"end":{"line":9,"column":30}},"loc":{"start":{"line":2,"column":0},"end":{"line":9,"column":30}},"line":2},"5":{"name":"_getWaitingTime","decl":{"start":{"line":9,"column":29},"end":{"line":30,"column":1}},"loc":{"start":{"line":9,"column":29},"end":{"line":30,"column":1}},"line":9},"6":{"name":"_callee2","decl":{"start":{"line":9,"column":0},"end":{"line":29,"column":38}},"loc":{"start":{"line":9,"column":0},"end":{"line":29,"column":38}},"line":9},"7":{"name":"_callee2$","decl":{"start":{"line":9,"column":41},"end":{"line":29,"column":38}},"loc":{"start":{"line":9,"column":41},"end":{"line":29,"column":38}},"line":9},"8":{"name":"_callee","decl":{"start":{"line":15,"column":17},"end":{"line":21,"column":53}},"loc":{"start":{"line":15,"column":17},"end":{"line":21,"column":53}},"line":15},"9":{"name":"_callee$","decl":{"start":{"line":15,"column":24},"end":{"line":21,"column":53}},"loc":{"start":{"line":15,"column":24},"end":{"line":21,"column":53}},"line":15},"10":{"name":"convertDecimalToTime","decl":{"start":{"line":32,"column":0},"end":{"line":37,"column":1}},"loc":{"start":{"line":32,"column":0},"end":{"line":37,"column":1}},"line":32}},"f":{"0":14,"1":2,"2":14,"3":0,"4":1,"5":1,"6":1,"7":6,"8":3,"9":12,"10":1}}
,"C:\\Users\\ricky\\OneDrive\\Desktop\\SE2-Group01\\server\\dao\\TicketDao.mjs": {"path":"C:\\Users\\ricky\\OneDrive\\Desktop\\SE2-Group01\\server\\dao\\TicketDao.mjs","all":false,"statementMap":{"0":{"start":{"line":1,"column":0},"end":{"line":1,"column":27}},"1":{"start":{"line":2,"column":0},"end":{"line":2,"column":0}},"2":{"start":{"line":3,"column":0},"end":{"line":3,"column":39}},"3":{"start":{"line":4,"column":0},"end":{"line":4,"column":43}},"4":{"start":{"line":5,"column":0},"end":{"line":5,"column":66}},"5":{"start":{"line":6,"column":0},"end":{"line":6,"column":39}},"6":{"start":{"line":7,"column":0},"end":{"line":7,"column":27}},"7":{"start":{"line":8,"column":0},"end":{"line":8,"column":49}},"8":{"start":{"line":9,"column":0},"end":{"line":9,"column":32}},"9":{"start":{"line":10,"column":0},"end":{"line":10,"column":7}},"10":{"start":{"line":11,"column":0},"end":{"line":11,"column":5}},"11":{"start":{"line":12,"column":0},"end":{"line":12,"column":2}},"12":{"start":{"line":13,"column":0},"end":{"line":13,"column":0}},"13":{"start":{"line":14,"column":0},"end":{"line":14,"column":57}},"14":{"start":{"line":15,"column":0},"end":{"line":15,"column":43}},"15":{"start":{"line":16,"column":0},"end":{"line":16,"column":15}},"16":{"start":{"line":17,"column":0},"end":{"line":17,"column":121}},"17":{"start":{"line":18,"column":0},"end":{"line":18,"column":46}},"18":{"start":{"line":19,"column":0},"end":{"line":19,"column":27}},"19":{"start":{"line":20,"column":0},"end":{"line":20,"column":44}},"20":{"start":{"line":21,"column":0},"end":{"line":21,"column":32}},"21":{"start":{"line":22,"column":0},"end":{"line":22,"column":7}},"22":{"start":{"line":23,"column":0},"end":{"line":23,"column":5}},"23":{"start":{"line":24,"column":0},"end":{"line":24,"column":2}},"24":{"start":{"line":25,"column":0},"end":{"line":25,"column":0}},"25":{"start":{"line":26,"column":0},"end":{"line":26,"column":56}},"26":{"start":{"line":27,"column":0},"end":{"line":27,"column":43}},"27":{"start":{"line":28,"column":0},"end":{"line":28,"column":76}},"28":{"start":{"line":29,"column":0},"end":{"line":29,"column":45}},"29":{"start":{"line":30,"column":0},"end":{"line":30,"column":27}},"30":{"start":{"line":31,"column":0},"end":{"line":31,"column":44}},"31":{"start":{"line":32,"column":0},"end":{"line":32,"column":28}},"32":{"start":{"line":33,"column":0},"end":{"line":33,"column":7}},"33":{"start":{"line":34,"column":0},"end":{"line":34,"column":5}},"34":{"start":{"line":35,"column":0},"end":{"line":35,"column":2}},"35":{"start":{"line":36,"column":0},"end":{"line":36,"column":0}},"36":{"start":{"line":37,"column":0},"end":{"line":37,"column":34}},"37":{"start":{"line":38,"column":0},"end":{"line":38,"column":43}},"38":{"start":{"line":39,"column":0},"end":{"line":39,"column":41}},"39":{"start":{"line":40,"column":0},"end":{"line":40,"column":32}},"40":{"start":{"line":41,"column":0},"end":{"line":41,"column":27}},"41":{"start":{"line":42,"column":0},"end":{"line":42,"column":0}},"42":{"start":{"line":43,"column":0},"end":{"line":43,"column":20}},"43":{"start":{"line":44,"column":0},"end":{"line":44,"column":7}},"44":{"start":{"line":45,"column":0},"end":{"line":45,"column":5}},"45":{"start":{"line":46,"column":0},"end":{"line":46,"column":2}},"46":{"start":{"line":47,"column":0},"end":{"line":47,"column":0}},"47":{"start":{"line":48,"column":0},"end":{"line":48,"column":43}},"48":{"start":{"line":49,"column":0},"end":{"line":49,"column":43}},"49":{"start":{"line":50,"column":0},"end":{"line":50,"column":76}},"50":{"start":{"line":51,"column":0},"end":{"line":51,"column":42}},"51":{"start":{"line":52,"column":0},"end":{"line":52,"column":27}},"52":{"start":{"line":53,"column":0},"end":{"line":53,"column":29}},"53":{"start":{"line":54,"column":0},"end":{"line":54,"column":26}},"54":{"start":{"line":55,"column":0},"end":{"line":55,"column":19}},"55":{"start":{"line":56,"column":0},"end":{"line":56,"column":7}},"56":{"start":{"line":57,"column":0},"end":{"line":57,"column":5}},"57":{"start":{"line":58,"column":0},"end":{"line":58,"column":2}},"58":{"start":{"line":59,"column":0},"end":{"line":59,"column":26}},"59":{"start":{"line":60,"column":0},"end":{"line":60,"column":17}},"60":{"start":{"line":61,"column":0},"end":{"line":61,"column":28}},"61":{"start":{"line":62,"column":0},"end":{"line":62,"column":28}},"62":{"start":{"line":63,"column":0},"end":{"line":63,"column":14}},"63":{"start":{"line":64,"column":0},"end":{"line":64,"column":18}},"64":{"start":{"line":65,"column":0},"end":{"line":65,"column":2}}},"s":{"0":1,"1":1,"2":1,"3":3,"4":3,"5":3,"6":3,"7":2,"8":3,"9":3,"10":3,"11":3,"12":1,"13":1,"14":5,"15":5,"16":5,"17":5,"18":5,"19":5,"20":5,"21":5,"22":5,"23":5,"24":1,"25":1,"26":3,"27":3,"28":3,"29":3,"30":3,"31":3,"32":3,"33":3,"34":3,"35":1,"36":1,"37":2,"38":2,"39":2,"40":2,"41":2,"42":2,"43":2,"44":2,"45":2,"46":1,"47":1,"48":0,"49":0,"50":0,"51":0,"52":0,"53":0,"54":0,"55":0,"56":0,"57":0,"58":1,"59":1,"60":1,"61":1,"62":1,"63":1,"64":1},"branchMap":{"0":{"type":"branch","line":3,"loc":{"start":{"line":3,"column":30},"end":{"line":12,"column":2}},"locations":[{"start":{"line":3,"column":30},"end":{"line":12,"column":2}}]},"1":{"type":"branch","line":4,"loc":{"start":{"line":4,"column":21},"end":{"line":11,"column":3}},"locations":[{"start":{"line":4,"column":21},"end":{"line":11,"column":3}}]},"2":{"type":"branch","line":6,"loc":{"start":{"line":6,"column":24},"end":{"line":10,"column":5}},"locations":[{"start":{"line":6,"column":24},"end":{"line":10,"column":5}}]},"3":{"type":"branch","line":7,"loc":{"start":{"line":7,"column":15},"end":{"line":7,"column":27}},"locations":[{"start":{"line":7,"column":15},"end":{"line":7,"column":27}}]},"4":{"type":"branch","line":8,"loc":{"start":{"line":8,"column":-2},"end":{"line":8,"column":49}},"locations":[{"start":{"line":8,"column":-2},"end":{"line":8,"column":49}}]},"5":{"type":"branch","line":8,"loc":{"start":{"line":8,"column":21},"end":{"line":8,"column":49}},"locations":[{"start":{"line":8,"column":21},"end":{"line":8,"column":49}}]},"6":{"type":"branch","line":14,"loc":{"start":{"line":14,"column":41},"end":{"line":24,"column":2}},"locations":[{"start":{"line":14,"column":41},"end":{"line":24,"column":2}}]},"7":{"type":"branch","line":15,"loc":{"start":{"line":15,"column":21},"end":{"line":23,"column":3}},"locations":[{"start":{"line":15,"column":21},"end":{"line":23,"column":3}}]},"8":{"type":"branch","line":18,"loc":{"start":{"line":18,"column":31},"end":{"line":22,"column":5}},"locations":[{"start":{"line":18,"column":31},"end":{"line":22,"column":5}}]},"9":{"type":"branch","line":19,"loc":{"start":{"line":19,"column":15},"end":{"line":19,"column":27}},"locations":[{"start":{"line":19,"column":15},"end":{"line":19,"column":27}}]},"10":{"type":"branch","line":20,"loc":{"start":{"line":20,"column":16},"end":{"line":20,"column":44}},"locations":[{"start":{"line":20,"column":16},"end":{"line":20,"column":44}}]},"11":{"type":"branch","line":26,"loc":{"start":{"line":26,"column":41},"end":{"line":35,"column":2}},"locations":[{"start":{"line":26,"column":41},"end":{"line":35,"column":2}}]},"12":{"type":"branch","line":27,"loc":{"start":{"line":27,"column":21},"end":{"line":34,"column":3}},"locations":[{"start":{"line":27,"column":21},"end":{"line":34,"column":3}}]},"13":{"type":"branch","line":29,"loc":{"start":{"line":29,"column":30},"end":{"line":33,"column":5}},"locations":[{"start":{"line":29,"column":30},"end":{"line":33,"column":5}}]},"14":{"type":"branch","line":30,"loc":{"start":{"line":30,"column":15},"end":{"line":30,"column":27}},"locations":[{"start":{"line":30,"column":15},"end":{"line":30,"column":27}}]},"15":{"type":"branch","line":31,"loc":{"start":{"line":31,"column":16},"end":{"line":31,"column":44}},"locations":[{"start":{"line":31,"column":16},"end":{"line":31,"column":44}}]},"16":{"type":"branch","line":37,"loc":{"start":{"line":37,"column":27},"end":{"line":46,"column":2}},"locations":[{"start":{"line":37,"column":27},"end":{"line":46,"column":2}}]},"17":{"type":"branch","line":38,"loc":{"start":{"line":38,"column":21},"end":{"line":45,"column":3}},"locations":[{"start":{"line":38,"column":21},"end":{"line":45,"column":3}}]},"18":{"type":"branch","line":40,"loc":{"start":{"line":40,"column":16},"end":{"line":44,"column":5}},"locations":[{"start":{"line":40,"column":16},"end":{"line":44,"column":5}}]},"19":{"type":"branch","line":41,"loc":{"start":{"line":41,"column":15},"end":{"line":41,"column":27}},"locations":[{"start":{"line":41,"column":15},"end":{"line":41,"column":27}}]}},"b":{"0":[3],"1":[3],"2":[3],"3":[1],"4":[2],"5":[1],"6":[5],"7":[5],"8":[5],"9":[2],"10":[3],"11":[3],"12":[3],"13":[3],"14":[0],"15":[1],"16":[2],"17":[2],"18":[2],"19":[1]},"fnMap":{"0":{"name":"getServiceTime","decl":{"start":{"line":3,"column":30},"end":{"line":12,"column":2}},"loc":{"start":{"line":3,"column":30},"end":{"line":12,"column":2}},"line":3},"1":{"name":"getNumberPeopleForRequest","decl":{"start":{"line":14,"column":41},"end":{"line":24,"column":2}},"loc":{"start":{"line":14,"column":41},"end":{"line":24,"column":2}},"line":14},"2":{"name":"getNumberOfServicesServed","decl":{"start":{"line":26,"column":41},"end":{"line":35,"column":2}},"loc":{"start":{"line":26,"column":41},"end":{"line":35,"column":2}},"line":26},"3":{"name":"getCounters","decl":{"start":{"line":37,"column":27},"end":{"line":46,"column":2}},"loc":{"start":{"line":37,"column":27},"end":{"line":46,"column":2}},"line":37},"4":{"name":"canCounterServe","decl":{"start":{"line":48,"column":31},"end":{"line":58,"column":2}},"loc":{"start":{"line":48,"column":31},"end":{"line":58,"column":2}},"line":48}},"f":{"0":3,"1":5,"2":3,"3":2,"4":0}}
,"C:\\Users\\ricky\\OneDrive\\Desktop\\SE2-Group01\\server\\routers\\TicketRoutes.mjs": {"path":"C:\\Users\\ricky\\OneDrive\\Desktop\\SE2-Group01\\server\\routers\\TicketRoutes.mjs","all":false,"statementMap":{"0":{"start":{"line":1,"column":0},"end":{"line":1,"column":30}},"1":{"start":{"line":2,"column":0},"end":{"line":2,"column":0}},"2":{"start":{"line":3,"column":0},"end":{"line":3,"column":71}},"3":{"start":{"line":4,"column":0},"end":{"line":4,"column":0}},"4":{"start":{"line":5,"column":0},"end":{"line":5,"column":39}},"5":{"start":{"line":6,"column":0},"end":{"line":6,"column":0}},"6":{"start":{"line":7,"column":0},"end":{"line":7,"column":59}},"7":{"start":{"line":8,"column":0},"end":{"line":8,"column":57}},"8":{"start":{"line":9,"column":0},"end":{"line":9,"column":39}},"9":{"start":{"line":10,"column":0},"end":{"line":10,"column":29}},"10":{"start":{"line":11,"column":0},"end":{"line":11,"column":2}},"11":{"start":{"line":12,"column":0},"end":{"line":12,"column":0}},"12":{"start":{"line":13,"column":0},"end":{"line":13,"column":22}}},"s":{"0":1,"1":1,"2":1,"3":1,"4":1,"5":1,"6":1,"7":0,"8":0,"9":0,"10":1,"11":1,"12":1},"branchMap":{},"b":{},"fnMap":{},"f":{}}
}
