TN:
SF:db.mjs
FNF:0
FNH:0
DA:1,1
DA:2,1
DA:3,1
DA:4,1
DA:5,0
DA:6,1
DA:7,1
DA:8,1
LF:8
LH:7
BRF:0
BRH:0
end_of_record
TN:
SF:index.mjs
FNF:0
FNH:0
DA:1,1
DA:2,1
DA:3,1
DA:4,1
DA:5,1
DA:6,1
DA:7,1
DA:8,1
DA:9,0
DA:10,1
DA:11,1
LF:11
LH:10
BRF:0
BRH:0
end_of_record
TN:
SF:controllers\TicketController.mjs
FN:2,asyncGeneratorStep
FN:2,_asyncToGenerator
FN:2,_next
FN:2,_throw
FN:2,getWaitingTime
FN:9,_getWaitingTime
FN:9,_callee2
FN:9,_callee2$
FN:15,_callee
FN:15,_callee$
FN:32,convertDecimalToTime
FNF:11
FNH:10
FNDA:14,asyncGeneratorStep
FNDA:2,_asyncToGenerator
FNDA:14,_next
FNDA:0,_throw
FNDA:1,getWaitingTime
FNDA:1,_getWaitingTime
FNDA:1,_callee2
FNDA:6,_callee2$
FNDA:3,_callee
FNDA:12,_callee$
FNDA:1,convertDecimalToTime
DA:1,1
DA:2,1
DA:3,1
DA:4,1
DA:5,1
DA:6,1
DA:7,1
DA:8,1
DA:9,1
DA:10,1
DA:11,1
DA:12,1
DA:13,1
DA:14,1
DA:15,1
DA:16,3
DA:17,3
DA:18,0
DA:19,3
DA:20,18
DA:21,3
DA:22,1
DA:23,1
DA:24,1
DA:25,1
DA:26,1
DA:27,1
DA:28,1
DA:29,1
DA:30,1
DA:31,1
DA:32,1
DA:33,1
DA:34,1
DA:35,1
DA:36,1
DA:37,1
DA:38,1
DA:39,1
DA:40,1
LF:40
LH:39
BRDA:2,0,0,14
BRDA:2,1,0,0
BRDA:2,2,0,4
BRDA:2,3,0,10
BRDA:2,4,0,2
BRDA:2,5,0,4
BRDA:2,6,0,4
BRDA:2,7,0,14
BRDA:2,8,0,1
BRDA:9,9,0,1
BRDA:9,10,0,1
BRDA:9,11,0,6
BRDA:9,12,0,1
BRDA:10,13,0,1
BRDA:11,14,0,1
BRDA:12,15,0,1
BRDA:23,16,0,1
BRDA:29,17,0,0
BRDA:29,18,0,1
BRDA:15,19,0,1
BRDA:15,20,0,3
BRDA:15,21,0,12
BRDA:15,22,0,18
BRDA:15,23,0,3
BRDA:16,24,0,3
BRDA:17,25,0,0
BRDA:18,26,0,3
BRDA:20,27,0,3
BRDA:20,28,0,0
BRDA:20,29,0,0
BRDA:20,30,0,3
BRDA:21,31,0,0
BRDA:21,32,0,3
BRDA:22,33,0,3
BRDA:25,34,0,3
BRDA:32,35,0,1
BRF:36
BRH:30
end_of_record
TN:
SF:dao\TicketDao.mjs
FN:3,getServiceTime
FN:14,getNumberPeopleForRequest
FN:26,getNumberOfServicesServed
FN:37,getCounters
FN:48,canCounterServe
FNF:5
FNH:4
FNDA:3,getServiceTime
FNDA:5,getNumberPeopleForRequest
FNDA:3,getNumberOfServicesServed
FNDA:2,getCounters
FNDA:0,canCounterServe
DA:1,1
DA:2,1
DA:3,1
DA:4,3
DA:5,3
DA:6,3
DA:7,3
DA:8,2
DA:9,3
DA:10,3
DA:11,3
DA:12,3
DA:13,1
DA:14,1
DA:15,5
DA:16,5
DA:17,5
DA:18,5
DA:19,5
DA:20,5
DA:21,5
DA:22,5
DA:23,5
DA:24,5
DA:25,1
DA:26,1
DA:27,3
DA:28,3
DA:29,3
DA:30,3
DA:31,3
DA:32,3
DA:33,3
DA:34,3
DA:35,3
DA:36,1
DA:37,1
DA:38,2
DA:39,2
DA:40,2
DA:41,2
DA:42,2
DA:43,2
DA:44,2
DA:45,2
DA:46,2
DA:47,1
DA:48,1
DA:49,0
DA:50,0
DA:51,0
DA:52,0
DA:53,0
DA:54,0
DA:55,0
DA:56,0
DA:57,0
DA:58,0
DA:59,1
DA:60,1
DA:61,1
DA:62,1
DA:63,1
DA:64,1
DA:65,1
LF:65
LH:55
BRDA:3,0,0,3
BRDA:4,1,0,3
BRDA:6,2,0,3
BRDA:7,3,0,1
BRDA:8,4,0,2
BRDA:8,5,0,1
BRDA:14,6,0,5
BRDA:15,7,0,5
BRDA:18,8,0,5
BRDA:19,9,0,2
BRDA:20,10,0,3
BRDA:26,11,0,3
BRDA:27,12,0,3
BRDA:29,13,0,3
BRDA:30,14,0,0
BRDA:31,15,0,1
BRDA:37,16,0,2
BRDA:38,17,0,2
BRDA:40,18,0,2
BRDA:41,19,0,1
BRF:20
BRH:19
end_of_record
TN:
SF:routers\TicketRoutes.mjs
FNF:0
FNH:0
DA:1,1
DA:2,1
DA:3,1
DA:4,1
DA:5,1
DA:6,1
DA:7,1
DA:8,0
DA:9,0
DA:10,0
DA:11,1
DA:12,1
DA:13,1
LF:13
LH:10
BRF:0
BRH:0
end_of_record
